2023-03-03 11:43:15 - INFO - HomePage : Click login icon
2023-03-03 11:43:17 - INFO - LoginPage : Typed phone number
2023-03-03 11:43:17 - INFO - LoginPage : Typed password into password fild
2023-03-03 11:43:18 - WARNING - LoginPage : Pop up error message is Nomor ponsel atau kata sandi salah.
2023-03-03 11:44:09 - INFO - HomePage : Click login icon
2023-03-03 11:44:11 - INFO - LoginPage : Typed phone number
2023-03-03 11:44:11 - INFO - LoginPage : Typed password into password field
2023-03-03 11:44:11 - INFO - LoginPage : Click login button
2023-03-03 11:44:15 - WARNING - LoginPage : Pop up error message is Nomor ponsel atau kata sandi salah.
2023-03-03 15:01:44 - INFO - HomePage : Click login icon
2023-03-03 15:01:50 - INFO - LoginPage : Typed phone number
2023-03-03 15:01:50 - INFO - LoginPage : Typed password into password field
2023-03-03 15:01:50 - INFO - LoginPage : Click login button
2023-03-03 15:01:51 - WARNING - LoginPage : Pop up error message is Nomor ponsel atau kata sandi salah.
2023-03-03 15:04:13 - INFO - HomePage : Click login icon
2023-03-03 15:04:16 - INFO - LoginPage : Typed phone number
2023-03-03 15:04:16 - INFO - LoginPage : Typed password into password field
2023-03-03 15:04:16 - INFO - LoginPage : Click login button
2023-03-03 15:04:17 - WARNING - LoginPage : Pop up error message is Nomor ponsel atau kata sandi salah.
2023-03-03 15:08:53 - INFO - HomePage : Click login icon
2023-03-03 15:09:00 - INFO - LoginPage : Typed phone number
2023-03-03 15:09:01 - INFO - LoginPage : Typed password into password field
2023-03-03 15:09:01 - INFO - LoginPage : Click login button
2023-03-03 15:09:02 - WARNING - LoginPage : Pop up error message is Nomor ponsel atau kata sandi salah.
2023-03-03 15:09:05 - INFO - HomePage : Click login icon
2023-03-03 15:10:28 - INFO - HomePage : Click login icon
2023-03-03 15:10:33 - INFO - LoginPage : Typed phone number
2023-03-03 15:10:33 - INFO - LoginPage : Typed password into password field
2023-03-03 15:10:33 - INFO - LoginPage : Click login button
2023-03-03 15:10:35 - WARNING - LoginPage : Pop up error message is Nomor ponsel atau kata sandi salah.
2023-03-03 15:10:37 - INFO - HomePage : Click login icon
2023-03-03 15:15:06 - INFO - HomePage : Click login icon
2023-03-03 15:15:10 - INFO - LoginPage : Typed phone number
2023-03-03 15:15:10 - INFO - LoginPage : Typed password into password field
2023-03-03 15:15:10 - INFO - LoginPage : Click login button
2023-03-03 15:15:11 - WARNING - LoginPage : Pop up error message is Nomor ponsel atau kata sandi salah.
2023-03-03 15:16:09 - INFO - HomePage : Click login icon
2023-03-03 15:16:20 - INFO - LoginPage : Typed phone number
2023-03-03 15:16:20 - INFO - LoginPage : Typed password into password field
2023-03-03 15:16:20 - INFO - LoginPage : Click login button
2023-03-03 15:16:22 - WARNING - LoginPage : Pop up error message is Nomor ponsel atau kata sandi salah.
2023-03-03 15:16:25 - INFO - HomePage : Click login icon
2023-03-03 15:18:45 - INFO - HomePage : Click login icon
2023-03-03 15:18:49 - INFO - LoginPage : Typed phone number
2023-03-03 15:18:50 - INFO - LoginPage : Typed password into password field
2023-03-03 15:18:50 - INFO - LoginPage : Click login button
2023-03-03 15:18:51 - WARNING - LoginPage : Pop up error message is Nomor ponsel atau kata sandi salah.
2023-03-03 15:18:53 - INFO - HomePage : Click login icon
2023-03-03 15:26:10 - INFO - HomePage : Click login icon
2023-03-03 15:26:14 - INFO - LoginPage : Typed phone number
2023-03-03 15:26:14 - INFO - LoginPage : Typed password into password field
2023-03-03 15:26:14 - INFO - LoginPage : Click login button
2023-03-03 15:26:15 - WARNING - LoginPage : Pop up error message is Nomor ponsel atau kata sandi salah.
2023-03-03 15:26:17 - INFO - HomePage : Click login icon
2023-03-03 15:27:21 - INFO - HomePage : Click login icon
2023-03-03 15:27:23 - INFO - LoginPage : Typed phone number
2023-03-03 15:27:23 - INFO - LoginPage : Typed password into password field
2023-03-03 15:27:23 - INFO - LoginPage : Click login button
2023-03-03 15:27:25 - WARNING - LoginPage : Pop up error message is Nomor ponsel atau kata sandi salah.
2023-03-03 15:27:27 - INFO - HomePage : Click login icon
2023-03-03 15:31:33 - INFO - HomePage : Click login icon
2023-03-03 15:31:38 - INFO - LoginPage : Typed phone number
2023-03-03 15:31:38 - INFO - LoginPage : Typed password into password field
2023-03-03 15:31:38 - INFO - LoginPage : Click login button
2023-03-03 15:31:41 - WARNING - LoginPage : Pop up error message is Nomor ponsel atau kata sandi salah.
2023-03-03 15:31:44 - INFO - HomePage : Click login icon
2023-03-03 15:32:54 - INFO - HomePage : Click login icon
2023-03-03 15:32:56 - INFO - LoginPage : Typed phone number
2023-03-03 15:32:56 - INFO - LoginPage : Typed password into password field
2023-03-03 15:32:56 - INFO - LoginPage : Click login button
2023-03-03 15:32:56 - WARNING - LoginPage : Pop up error message is Nomor ponsel atau kata sandi salah.
2023-03-03 15:33:01 - INFO - HomePage : Click login icon
2023-03-03 15:34:46 - INFO - HomePage : Click login icon
2023-03-03 15:34:49 - INFO - LoginPage : Typed phone number
2023-03-03 15:34:49 - INFO - LoginPage : Typed password into password field
2023-03-03 15:34:49 - INFO - LoginPage : Click login button
2023-03-03 15:34:54 - INFO - HomePage : Click login icon
2023-03-03 15:35:29 - INFO - HomePage : Click login icon
2023-03-03 15:35:34 - INFO - LoginPage : Typed phone number
2023-03-03 15:35:34 - INFO - LoginPage : Typed password into password field
2023-03-03 15:35:34 - INFO - LoginPage : Click login button
2023-03-03 15:35:39 - INFO - HomePage : Click login icon
2023-03-03 15:39:20 - INFO - HomePage : Click login icon
2023-03-03 15:39:22 - INFO - LoginPage : Typed phone number
2023-03-03 15:39:22 - INFO - LoginPage : Typed password into password field
2023-03-03 15:39:22 - INFO - LoginPage : Click login button
2023-03-03 15:39:28 - INFO - HomePage : Click login icon
2023-03-03 15:41:44 - INFO - HomePage : Click login icon
2023-03-03 15:41:46 - INFO - LoginPage : Typed phone number
2023-03-03 15:41:46 - INFO - LoginPage : Typed password into password field
2023-03-03 15:41:46 - INFO - LoginPage : Click login button
2023-03-03 15:41:47 - WARNING - LoginPage : Pop up error message is Nomor ponsel atau kata sandi salah.
2023-03-03 15:41:49 - INFO - HomePage : Click login icon
2023-03-03 15:43:59 - INFO - HomePage : Click login icon
2023-03-03 15:44:02 - INFO - LoginPage : Typed phone number
2023-03-03 15:44:02 - INFO - LoginPage : Typed password into password field
2023-03-03 15:44:02 - INFO - LoginPage : Click login button
2023-03-03 15:44:03 - WARNING - LoginPage : Pop up error message is Nomor ponsel atau kata sandi salah.
2023-03-03 15:44:05 - INFO - HomePage : Click login icon
2023-03-03 15:47:28 - INFO - HomePage : Click login icon
2023-03-03 15:47:30 - INFO - LoginPage : Typed phone number
2023-03-03 15:47:30 - INFO - LoginPage : Typed password into password field
2023-03-03 15:47:31 - INFO - LoginPage : Click login button
2023-03-03 15:47:31 - WARNING - LoginPage : Pop up error message is Nomor ponsel atau kata sandi salah.
2023-03-03 15:47:34 - INFO - HomePage : Click login icon
2023-03-03 15:48:25 - INFO - HomePage : Click login icon
2023-03-03 15:48:28 - INFO - LoginPage : Typed phone number
2023-03-03 15:48:28 - INFO - LoginPage : Typed password into password field
2023-03-03 15:48:28 - INFO - LoginPage : Click login button
2023-03-03 15:48:30 - WARNING - LoginPage : Pop up error message is Nomor ponsel atau kata sandi salah.
2023-03-03 15:50:42 - INFO - HomePage : Click login icon
2023-03-03 15:50:45 - INFO - LoginPage : Typed phone number
2023-03-03 15:50:45 - INFO - LoginPage : Typed password into password field
2023-03-03 15:50:45 - INFO - LoginPage : Click login button
2023-03-03 15:50:46 - WARNING - LoginPage : Pop up error message is Nomor ponsel atau kata sandi salah.
